
> iopn-dex@0.1.0 build
> next build

▲ Next.js 16.2.10 (Turbopack)
- Environments: .env.local

  Creating an optimized production build ...
✓ Compiled successfully in 38.6s
  Running TypeScript ...
  Finished TypeScript in 11.1s ...
  Collecting page data using 1 worker ...
  Generating static pages using 1 worker (0/14) ...
(node:3317) [DEP0169] DeprecationWarning: `url.parse()` behavior is not standardized and prone to errors that have security implications. Use the WHATWG URL API instead. CVEs are not issued for `url.parse()` vulnerabilities.
(Use `node --trace-deprecation ...` to show where the warning was created)
  Generating static pages using 1 worker (3/14) 
  Generating static pages using 1 worker (6/14) 
  Generating static pages using 1 worker (10/14) 
✓ Generating static pages using 1 worker (14/14) in 493ms
  Finalizing page optimization ...

Route (app)
┌ ○ /
├ ○ /_not-found
├ ○ /analytics
├ ○ /markets
├ ○ /pairs
├ ○ /pay
├ ○ /portfolio
├ ○ /staking
├ ○ /tokens
├ ○ /trade
├ ○ /wallet
└ ○ /watchlist


○  (Static)  prerendered as static content

